  Admin.cpp
  Expert.cpp
C:\Users\Игорь\Desktop\морозкурс\Factoriclient\Factoriclient\Expert.cpp(145,64): warning C4244: аргумент: преобразование "double" в "int", возможна потеря данных
C:\Users\Игорь\Desktop\морозкурс\Factoriclient\Factoriclient\Expert.cpp(145,59): warning C4244: аргумент: преобразование "double" в "int", возможна потеря данных
C:\Users\Игорь\Desktop\морозкурс\Factoriclient\Factoriclient\Expert.cpp(146,64): warning C4244: аргумент: преобразование "double" в "int", возможна потеря данных
C:\Users\Игорь\Desktop\морозкурс\Factoriclient\Factoriclient\Expert.cpp(146,59): warning C4244: аргумент: преобразование "double" в "int", возможна потеря данных
C:\Users\Игорь\Desktop\морозкурс\Factoriclient\Factoriclient\Expert.cpp(155,65): warning C4244: аргумент: преобразование "double" в "int", возможна потеря данных
C:\Users\Игорь\Desktop\морозкурс\Factoriclient\Factoriclient\Expert.cpp(155,60): warning C4244: аргумент: преобразование "double" в "int", возможна потеря данных
C:\Users\Игорь\Desktop\морозкурс\Factoriclient\Factoriclient\Expert.cpp(156,65): warning C4244: аргумент: преобразование "double" в "int", возможна потеря данных
C:\Users\Игорь\Desktop\морозкурс\Factoriclient\Factoriclient\Expert.cpp(156,60): warning C4244: аргумент: преобразование "double" в "int", возможна потеря данных
C:\Users\Игорь\Desktop\морозкурс\Factoriclient\Factoriclient\Expert.cpp(165,64): warning C4244: аргумент: преобразование "double" в "int", возможна потеря данных
C:\Users\Игорь\Desktop\морозкурс\Factoriclient\Factoriclient\Expert.cpp(165,59): warning C4244: аргумент: преобразование "double" в "int", возможна потеря данных
C:\Users\Игорь\Desktop\морозкурс\Factoriclient\Factoriclient\Expert.cpp(166,64): warning C4244: аргумент: преобразование "double" в "int", возможна потеря данных
C:\Users\Игорь\Desktop\морозкурс\Factoriclient\Factoriclient\Expert.cpp(166,59): warning C4244: аргумент: преобразование "double" в "int", возможна потеря данных
  Factory.cpp
  FActoryClient.cpp
  Manager.cpp
C:\Users\Игорь\Desktop\морозкурс\Factoriclient\Factoriclient\Manager.cpp(5,20): warning C4018: <: несоответствие типов со знаком и без знака
C:\Users\Игорь\Desktop\морозкурс\Factoriclient\Factoriclient\Manager.cpp(131,20): warning C4018: <: несоответствие типов со знаком и без знака
  System.cpp
  User.cpp
C:\Users\Игорь\Desktop\морозкурс\Factoriclient\Factoriclient\User.cpp(81,20): warning C4018: <: несоответствие типов со знаком и без знака
C:\Users\Игорь\Desktop\морозкурс\Factoriclient\Factoriclient\User.cpp(82,20): warning C4018: <: несоответствие типов со знаком и без знака
  Создание кода...
  Factoriclient.vcxproj -> C:\Users\Игорь\Desktop\морозкурс\Factoriclient\Debug\Factoriclient.exe
